<?xml version="1.0" encoding="UTF-8"?>
<!-- Generated by org.testng.reporters.JUnitXMLReporter -->
<testsuite hostname="igalarza" ignored="0" name="Test2" tests="12" failures="0" timestamp="2021-02-18T20:37:14 BOT" time="0.117" errors="0">
  <testcase name="miPrueba" time="0.009" classname="com.igalarza.testng.TestNGCaseDemo"/>
  <testcase name="d_miPrueba" time="0.003" classname="com.igalarza.testng.TestNGCaseDemo"/>
  <testcase name="c_miPrueba" time="0.002" classname="com.igalarza.testng.TestNGCaseDemo"/>
  <testcase name="b_miPrueba" time="0.001" classname="com.igalarza.testng.TestNGCaseDemo"/>
  <testcase name="a_miPrueba" time="0.001" classname="com.igalarza.testng.TestNGCaseDemo"/>
  <testcase name="x_miPrueba" time="0.001" classname="com.igalarza.testng.TestNGCaseDemo"/>
  <testcase name="miPrueba2" time="0.002" classname="com.igalarza.testng.TestNGCaseDemo2"/>
  <testcase name="d_miPrueba2" time="0.001" classname="com.igalarza.testng.TestNGCaseDemo2"/>
  <testcase name="c_miPrueba2" time="0.0" classname="com.igalarza.testng.TestNGCaseDemo2"/>
  <testcase name="b_miPrueba2" time="0.002" classname="com.igalarza.testng.TestNGCaseDemo2"/>
  <testcase name="a_miPrueba2" time="0.002" classname="com.igalarza.testng.TestNGCaseDemo2"/>
  <testcase name="x_miPrueba2" time="0.002" classname="com.igalarza.testng.TestNGCaseDemo2"/>
</testsuite> <!-- Test2 -->
