<?xml version="1.0" encoding="UTF-8"?>
<!-- Generated by org.testng.reporters.JUnitXMLReporter -->
<testsuite hostname="igalarza" ignored="4" name="Test1" tests="2" failures="0" timestamp="2021-02-18T20:32:38 BOT" time="0.072" errors="0">
  <testcase name="miPrueba" time="0.009" classname="com.igalarza.testng.TestNGCaseDemo"/>
  <testcase name="a_miPrueba" time="0.002" classname="com.igalarza.testng.TestNGCaseDemo"/>
  <testcase name="b_miPrueba" time="0.0" classname="com.igalarza.testng.TestNGCaseDemo">
    <ignored/>
  </testcase> <!-- b_miPrueba -->
  <testcase name="d_miPrueba" time="0.0" classname="com.igalarza.testng.TestNGCaseDemo">
    <ignored/>
  </testcase> <!-- d_miPrueba -->
  <testcase name="x_miPrueba" time="0.0" classname="com.igalarza.testng.TestNGCaseDemo">
    <ignored/>
  </testcase> <!-- x_miPrueba -->
  <testcase name="c_miPrueba" time="0.0" classname="com.igalarza.testng.TestNGCaseDemo">
    <ignored/>
  </testcase> <!-- c_miPrueba -->
</testsuite> <!-- Test1 -->
