<?xml version="1.0" encoding="UTF-8"?>
<testng-results skipped="0" failed="0" ignored="0" total="1" passed="1">
  <reporter-output>
  </reporter-output>
  <suite name="Default suite" duration-ms="787" started-at="2021-03-01T23:22:07Z" finished-at="2021-03-01T23:22:08Z">
    <groups>
      <group name="cucumber">
        <method signature="TestRunner.feature(cucumber.api.testng.CucumberFeatureWrapper)[pri:0, instance:StepDefinitions.LoginDemoSetps@7b227d8d]" name="feature" class="Runner.TestRunner"/>
      </group> <!-- cucumber -->
    </groups>
    <test name="Default test" duration-ms="787" started-at="2021-03-01T23:22:07Z" finished-at="2021-03-01T23:22:08Z">
      <class name="StepDefinitions.LoginDemoSetps">
        <test-method status="PASS" signature="setUpCucumber()[pri:0, instance:StepDefinitions.LoginDemoSetps@7b227d8d]" name="setUpCucumber" is-config="true" duration-ms="517" started-at="2021-03-01T23:22:07Z" finished-at="2021-03-01T23:22:07Z">
          <reporter-output>
          </reporter-output>
        </test-method> <!-- setUpCucumber -->
        <test-method status="PASS" signature="feature(cucumber.api.testng.CucumberFeatureWrapper)[pri:0, instance:StepDefinitions.LoginDemoSetps@7b227d8d]" name="feature" duration-ms="59" started-at="2021-03-01T23:22:07Z" description="Runs Cucumber Feature" data-provider="myFeatures" finished-at="2021-03-01T23:22:07Z">
          <params>
            <param index="0">
              <value>
                <![CDATA[Como Gerente administravio deberia ingresar a la plataforma de RRHH Orange con mi usuario y contrase�a]]>
              </value>
            </param>
          </params>
          <reporter-output>
          </reporter-output>
        </test-method> <!-- feature -->
        <test-method status="PASS" signature="setUpClass()[pri:0, instance:StepDefinitions.LoginDemoSetps@7b227d8d]" name="setUpClass" is-config="true" duration-ms="0" started-at="2021-03-01T23:22:07Z" finished-at="2021-03-01T23:22:07Z">
          <reporter-output>
          </reporter-output>
        </test-method> <!-- setUpClass -->
        <test-method status="PASS" signature="tearDownClass()[pri:0, instance:StepDefinitions.LoginDemoSetps@7b227d8d]" name="tearDownClass" is-config="true" duration-ms="48" started-at="2021-03-01T23:22:07Z" finished-at="2021-03-01T23:22:08Z">
          <reporter-output>
          </reporter-output>
        </test-method> <!-- tearDownClass -->
      </class> <!-- StepDefinitions.LoginDemoSetps -->
    </test> <!-- Default test -->
  </suite> <!-- Default suite -->
</testng-results>
